2016-05-29 01:51:15,693 INFO  [main] com.sap.jpaas.infrastructure.console.ConsoleLogger: Arguments:   -h neo.ondemand.com -a i820059sapdev -u i820059 -p ********
2016-05-29 01:51:16,706 INFO  [main] com.sap.jpaas.infrastructure.console.ConsoleLogger: Starting execution of command [list-schemas]
2016-05-29 01:51:16,710 ERROR [main] com.sap.jpaas.infrastructure.console.version.VersionUtilities: There is no config file: C:\Users\I820059\Desktop\Git\.\..\sdk.version
java.io.FileNotFoundException: C:\Users\I820059\Desktop\Git\.\..\sdk.version (The system cannot find the file specified)
	at java.io.FileInputStream.open(Native Method)
	at java.io.FileInputStream.<init>(FileInputStream.java:146)
	at com.sap.jpaas.infrastructure.console.version.VersionUtilities.readSDKVersionProperties(VersionUtilities.java:52)
	at com.sap.jpaas.infrastructure.console.version.VersionUtilities.<clinit>(VersionUtilities.java:42)
	at com.sap.jpaas.infrastructure.console.VersionValidityCheckerUtilities.performVersionValidityCheck(VersionValidityCheckerUtilities.java:95)
	at com.sap.jpaas.infrastructure.console.command.UnsecuredRemoteCommand.initWithHostOnlyCheck(UnsecuredRemoteCommand.java:44)
	at com.sap.jpaas.infrastructure.console.command.RemoteCommand.initWithNoPasswordCheck(RemoteCommand.java:46)
	at com.sap.jpaas.infrastructure.console.command.RemoteCommand.init(RemoteCommand.java:41)
	at com.sap.core.persistence.commands.AbstractAccountCommand.init(AbstractAccountCommand.java:36)
	at com.sap.core.persistence.commands.ListSchemas.init(ListSchemas.java:82)
	at com.sap.jpaas.infrastructure.console.CommandManager.run(CommandManager.java:171)
	at com.sap.jpaas.infrastructure.console.CommandManager.run(CommandManager.java:144)
	at com.sap.jpaas.infrastructure.console.ConsoleClient.executeCommand(ConsoleClient.java:231)
	at com.sap.jpaas.infrastructure.console.ConsoleClient.run(ConsoleClient.java:177)
	at com.sap.jpaas.infrastructure.console.ConsoleClient.main(ConsoleClient.java:74)
2016-05-29 01:51:16,756 INFO  [pool-2-thread-1] com.sap.jpaas.infrastructure.console.PropertyFileProvider: Loaded properties file [C:\Users\I820059\AppData\Local\Temp\sdkcheck.neo.ondemand.com.unknown.tmp]
2016-05-29 01:51:16,757 ERROR [pool-2-thread-1] com.sap.jpaas.infrastructure.console.ConsoleLogger: There was a problem obtaining version or runtime.status of your SDK and the status cannot be defined
2016-05-29 01:51:16,758 INFO  [main] com.sap.jpaas.infrastructure.console.ConsoleLogger: There was a problem determining the SDK version and the status is UNDEFINED. Check the logs for more information.
2016-05-29 01:51:16,758 INFO  [main] com.sap.jpaas.infrastructure.console.ConsoleLogger: Command [list-schemas] init() finished for [51] ms
2016-05-29 01:51:17,870 INFO  [main] com.sap.core.tunnelcommands.framework.executor.CommandTunnelRequestExecutor: CommandTunnelRequestExecutor.executeRequest() called for command [list-schemas] (version: 0.52.0)
2016-05-29 01:51:20,264 INFO  [main] com.sap.jpaas.infrastructure.console.ConsoleLogger: Command [list-schemas] run() finished for [3506] ms
2016-05-29 01:51:20,265 INFO  [main] com.sap.jpaas.infrastructure.console.ConsoleLogger: Command [list-schemas] cleanup() finished for [0] ms
2016-05-29 01:51:20,265 INFO  [main] com.sap.jpaas.infrastructure.console.ConsoleLogger: Command [list-schemas] finished successfully for [3558] ms
