2016-05-26 14:14:26,833 INFO  [main] com.sap.jpaas.infrastructure.console.ConsoleLogger: Arguments:   -h us1.hana.ondemand.com -a bb0580637 -u i820059 -p ******** -n huehuehue
2016-05-26 14:14:27,855 INFO  [main] com.sap.jpaas.infrastructure.console.ConsoleLogger: Starting execution of command [delete-ssl-host]
2016-05-26 14:14:27,858 ERROR [main] com.sap.jpaas.infrastructure.console.version.VersionUtilities: There is no config file: C:\Users\I820059\Desktop\Git\.\..\sdk.version
java.io.FileNotFoundException: C:\Users\I820059\Desktop\Git\.\..\sdk.version (The system cannot find the file specified)
	at java.io.FileInputStream.open(Native Method)
	at java.io.FileInputStream.<init>(FileInputStream.java:146)
	at com.sap.jpaas.infrastructure.console.version.VersionUtilities.readSDKVersionProperties(VersionUtilities.java:52)
	at com.sap.jpaas.infrastructure.console.version.VersionUtilities.<clinit>(VersionUtilities.java:42)
	at com.sap.jpaas.infrastructure.console.VersionValidityCheckerUtilities.performVersionValidityCheck(VersionValidityCheckerUtilities.java:95)
	at com.sap.jpaas.infrastructure.console.command.UnsecuredRemoteCommand.initWithHostOnlyCheck(UnsecuredRemoteCommand.java:44)
	at com.sap.jpaas.infrastructure.console.command.RemoteCommand.initWithNoPasswordCheck(RemoteCommand.java:46)
	at com.sap.core.certificate.manager.cmd.commands.BaseConsoleCommand.init(BaseConsoleCommand.java:89)
	at com.sap.jpaas.infrastructure.console.CommandManager.run(CommandManager.java:171)
	at com.sap.jpaas.infrastructure.console.CommandManager.run(CommandManager.java:144)
	at com.sap.jpaas.infrastructure.console.ConsoleClient.executeCommand(ConsoleClient.java:231)
	at com.sap.jpaas.infrastructure.console.ConsoleClient.run(ConsoleClient.java:177)
	at com.sap.jpaas.infrastructure.console.ConsoleClient.main(ConsoleClient.java:74)
2016-05-26 14:14:27,899 INFO  [pool-2-thread-1] com.sap.jpaas.infrastructure.console.PropertyFileProvider: Loaded properties file [C:\Users\I820059\AppData\Local\Temp\sdkcheck.us1.hana.ondemand.com.unknown.tmp]
2016-05-26 14:14:27,900 ERROR [pool-2-thread-1] com.sap.jpaas.infrastructure.console.ConsoleLogger: There was a problem obtaining version or runtime.status of your SDK and the status cannot be defined
2016-05-26 14:14:27,901 INFO  [main] com.sap.jpaas.infrastructure.console.ConsoleLogger: There was a problem determining the SDK version and the status is UNDEFINED. Check the logs for more information.
2016-05-26 14:14:27,901 INFO  [main] com.sap.jpaas.infrastructure.console.ConsoleLogger: Command [delete-ssl-host] init() finished for [45] ms
2016-05-26 14:14:37,116 INFO  [main] com.sap.jpaas.infrastructure.console.ConsoleLogger: Command [delete-ssl-host] run() finished for [9215] ms
2016-05-26 14:14:37,117 INFO  [main] com.sap.jpaas.infrastructure.console.ConsoleLogger: Command [delete-ssl-host] cleanup() finished for [0] ms
2016-05-26 14:14:37,117 INFO  [main] com.sap.jpaas.infrastructure.console.ConsoleLogger: Command [delete-ssl-host] finished successfully for [9261] ms
