2016-05-29 01:42:47,649 INFO  [main] com.sap.jpaas.infrastructure.console.ConsoleLogger: Arguments:   -h "hanatrial.ondemand.com" -a "i820059trial" -u "i820059" -p ******** -n "test"
2016-05-29 01:42:48,730 INFO  [main] com.sap.jpaas.infrastructure.console.ConsoleLogger: Starting execution of command [create-account]
2016-05-29 01:42:48,733 ERROR [main] com.sap.jpaas.infrastructure.console.version.VersionUtilities: There is no config file: C:\Users\I820059\Desktop\Git\.\..\sdk.version
java.io.FileNotFoundException: C:\Users\I820059\Desktop\Git\.\..\sdk.version (The system cannot find the file specified)
	at java.io.FileInputStream.open(Native Method)
	at java.io.FileInputStream.<init>(FileInputStream.java:146)
	at com.sap.jpaas.infrastructure.console.version.VersionUtilities.readSDKVersionProperties(VersionUtilities.java:52)
	at com.sap.jpaas.infrastructure.console.version.VersionUtilities.<clinit>(VersionUtilities.java:42)
	at com.sap.jpaas.infrastructure.console.VersionValidityCheckerUtilities.performVersionValidityCheck(VersionValidityCheckerUtilities.java:95)
	at com.sap.jpaas.infrastructure.console.command.UnsecuredRemoteCommand.initWithHostOnlyCheck(UnsecuredRemoteCommand.java:44)
	at com.sap.jpaas.infrastructure.console.command.RemoteCommand.initWithNoPasswordCheck(RemoteCommand.java:46)
	at com.sap.jpaas.infrastructure.console.command.RemoteCommand.init(RemoteCommand.java:41)
	at com.sap.cloud.commercial.account.ops.commands.AccountOperationsAbstractCommand.init(AccountOperationsAbstractCommand.java:124)
	at com.sap.cloud.commercial.account.ops.commands.CreateSiblingAccountsCommand.init(CreateSiblingAccountsCommand.java:93)
	at com.sap.jpaas.infrastructure.console.CommandManager.run(CommandManager.java:171)
	at com.sap.jpaas.infrastructure.console.CommandManager.run(CommandManager.java:144)
	at com.sap.jpaas.infrastructure.console.ConsoleClient.executeCommand(ConsoleClient.java:231)
	at com.sap.jpaas.infrastructure.console.ConsoleClient.run(ConsoleClient.java:177)
	at com.sap.jpaas.infrastructure.console.ConsoleClient.main(ConsoleClient.java:74)
2016-05-29 01:42:48,797 INFO  [pool-2-thread-1] com.sap.jpaas.infrastructure.console.PropertyFileProvider: Loaded properties file [C:\Users\I820059\AppData\Local\Temp\sdkcheck.hanatrial.ondemand.com.unknown.tmp]
2016-05-29 01:42:48,798 ERROR [pool-2-thread-1] com.sap.jpaas.infrastructure.console.ConsoleLogger: There was a problem obtaining version or runtime.status of your SDK and the status cannot be defined
2016-05-29 01:42:48,799 INFO  [main] com.sap.jpaas.infrastructure.console.ConsoleLogger: There was a problem determining the SDK version and the status is UNDEFINED. Check the logs for more information.
2016-05-29 01:42:48,802 INFO  [main] com.sap.jpaas.infrastructure.console.ConsoleLogger: Command [create-account] init() finished for [72] ms
2016-05-29 01:42:53,369 INFO  [main] com.sap.jpaas.infrastructure.console.ConsoleLogger: Command [create-account] cleanup() finished for [0] ms
2016-05-29 01:42:53,373 FATAL [main] com.sap.jpaas.infrastructure.console.ConsoleLogger: (!) ERROR: The provided account 'i820059trial' does not belong to any customer
com.sap.jpaas.infrastructure.console.exception.FrontendException: The provided account 'i820059trial' does not belong to any customer
	at com.sap.cloud.commercial.account.ops.commands.AccountOperationsAbstractCommand.handleErrorResponse(AccountOperationsAbstractCommand.java:223)
	at com.sap.cloud.commercial.account.ops.commands.AccountOperationsAbstractCommand.handleResponse(AccountOperationsAbstractCommand.java:265)
	at com.sap.cloud.commercial.account.ops.commands.CreateSiblingAccountsCommand.executeCreateAccountWithOptionalConfiguirationsClone(CreateSiblingAccountsCommand.java:233)
	at com.sap.cloud.commercial.account.ops.commands.CreateSiblingAccountsCommand.executeCommand(CreateSiblingAccountsCommand.java:128)
	at com.sap.cloud.commercial.account.ops.commands.AccountOperationsAbstractCommand.run(AccountOperationsAbstractCommand.java:153)
	at com.sap.jpaas.infrastructure.console.CommandManager.run(CommandManager.java:183)
	at com.sap.jpaas.infrastructure.console.CommandManager.run(CommandManager.java:144)
	at com.sap.jpaas.infrastructure.console.ConsoleClient.executeCommand(ConsoleClient.java:231)
	at com.sap.jpaas.infrastructure.console.ConsoleClient.run(ConsoleClient.java:177)
	at com.sap.jpaas.infrastructure.console.ConsoleClient.main(ConsoleClient.java:74)
