2016-05-26 12:21:48,074 INFO  [main] com.sap.jpaas.infrastructure.console.ConsoleLogger: Arguments:   -h us1.hana.ondemand.com -a bb87af9c16 -u i820059 -p ********
2016-05-26 12:21:49,027 INFO  [main] com.sap.jpaas.infrastructure.console.ConsoleLogger: Starting execution of command [delete-account]
2016-05-26 12:21:49,042 ERROR [main] com.sap.jpaas.infrastructure.console.version.VersionUtilities: There is no config file: C:\Users\I820059\Desktop\Git\.\..\sdk.version
java.io.FileNotFoundException: C:\Users\I820059\Desktop\Git\.\..\sdk.version (The system cannot find the file specified)
	at java.io.FileInputStream.open(Native Method)
	at java.io.FileInputStream.<init>(FileInputStream.java:146)
	at com.sap.jpaas.infrastructure.console.version.VersionUtilities.readSDKVersionProperties(VersionUtilities.java:52)
	at com.sap.jpaas.infrastructure.console.version.VersionUtilities.<clinit>(VersionUtilities.java:42)
	at com.sap.jpaas.infrastructure.console.VersionValidityCheckerUtilities.performVersionValidityCheck(VersionValidityCheckerUtilities.java:95)
	at com.sap.jpaas.infrastructure.console.command.UnsecuredRemoteCommand.initWithHostOnlyCheck(UnsecuredRemoteCommand.java:44)
	at com.sap.jpaas.infrastructure.console.command.RemoteCommand.initWithNoPasswordCheck(RemoteCommand.java:46)
	at com.sap.jpaas.infrastructure.console.command.RemoteCommand.init(RemoteCommand.java:41)
	at com.sap.cloud.commercial.account.ops.commands.AccountOperationsAbstractCommand.init(AccountOperationsAbstractCommand.java:124)
	at com.sap.jpaas.infrastructure.console.CommandManager.run(CommandManager.java:171)
	at com.sap.jpaas.infrastructure.console.CommandManager.run(CommandManager.java:144)
	at com.sap.jpaas.infrastructure.console.ConsoleClient.executeCommand(ConsoleClient.java:231)
	at com.sap.jpaas.infrastructure.console.ConsoleClient.run(ConsoleClient.java:177)
	at com.sap.jpaas.infrastructure.console.ConsoleClient.main(ConsoleClient.java:74)
2016-05-26 12:21:49,074 INFO  [pool-2-thread-1] com.sap.jpaas.infrastructure.console.PropertyFileProvider: Loaded properties file [C:\Users\I820059\AppData\Local\Temp\sdkcheck.us1.hana.ondemand.com.unknown.tmp]
2016-05-26 12:21:49,074 ERROR [pool-2-thread-1] com.sap.jpaas.infrastructure.console.ConsoleLogger: There was a problem obtaining version or runtime.status of your SDK and the status cannot be defined
2016-05-26 12:21:49,074 INFO  [main] com.sap.jpaas.infrastructure.console.ConsoleLogger: There was a problem determining the SDK version and the status is UNDEFINED. Check the logs for more information.
2016-05-26 12:21:49,074 INFO  [main] com.sap.jpaas.infrastructure.console.ConsoleLogger: Command [delete-account] init() finished for [47] ms
2016-05-26 12:21:51,574 ERROR [main] com.sap.cloud.commercial.account.ops.commands.DeleteSiblingAccountCommand: Authentication failed. Check:
1. if the account name and the host are correct
2. the provided user has rights to perform the operation in the specified account
3. the provided password is correct
2016-05-26 12:21:51,574 INFO  [main] com.sap.jpaas.infrastructure.console.ConsoleLogger: Command [delete-account] cleanup() finished for [0] ms
2016-05-26 12:21:51,589 FATAL [main] com.sap.jpaas.infrastructure.console.ConsoleLogger: (!) ERROR: Authentication failed. Check:
1. if the account name and the host are correct
2. the provided user has rights to perform the operation in the specified account
3. the provided password is correct
com.sap.jpaas.infrastructure.console.exception.SecurityException: Authentication failed. Check:
1. if the account name and the host are correct
2. the provided user has rights to perform the operation in the specified account
3. the provided password is correct
	at com.sap.cloud.commercial.account.ops.commands.DeleteSiblingAccountCommand.handlePersistenceApiError(DeleteSiblingAccountCommand.java:196)
	at com.sap.cloud.commercial.account.ops.commands.DeleteSiblingAccountCommand.checkAccountForProductiveHana(DeleteSiblingAccountCommand.java:140)
	at com.sap.cloud.commercial.account.ops.commands.DeleteSiblingAccountCommand.executeCommand(DeleteSiblingAccountCommand.java:66)
	at com.sap.cloud.commercial.account.ops.commands.AccountOperationsAbstractCommand.run(AccountOperationsAbstractCommand.java:153)
	at com.sap.jpaas.infrastructure.console.CommandManager.run(CommandManager.java:183)
	at com.sap.jpaas.infrastructure.console.CommandManager.run(CommandManager.java:144)
	at com.sap.jpaas.infrastructure.console.ConsoleClient.executeCommand(ConsoleClient.java:231)
	at com.sap.jpaas.infrastructure.console.ConsoleClient.run(ConsoleClient.java:177)
	at com.sap.jpaas.infrastructure.console.ConsoleClient.main(ConsoleClient.java:74)
