2016-05-26 11:52:19,873 INFO  [main] com.sap.jpaas.infrastructure.console.ConsoleLogger: Arguments:   -h hanatrial.ondemand.com -a i820059sapdev -u i820059 -p ********
2016-05-26 11:52:20,859 INFO  [main] com.sap.jpaas.infrastructure.console.ConsoleLogger: Starting execution of command [list-schemas]
2016-05-26 11:52:20,875 ERROR [main] com.sap.jpaas.infrastructure.console.version.VersionUtilities: There is no config file: C:\Users\I820059\Desktop\Git\.\..\sdk.version
java.io.FileNotFoundException: C:\Users\I820059\Desktop\Git\.\..\sdk.version (The system cannot find the file specified)
	at java.io.FileInputStream.open(Native Method)
	at java.io.FileInputStream.<init>(FileInputStream.java:146)
	at com.sap.jpaas.infrastructure.console.version.VersionUtilities.readSDKVersionProperties(VersionUtilities.java:52)
	at com.sap.jpaas.infrastructure.console.version.VersionUtilities.<clinit>(VersionUtilities.java:42)
	at com.sap.jpaas.infrastructure.console.VersionValidityCheckerUtilities.performVersionValidityCheck(VersionValidityCheckerUtilities.java:95)
	at com.sap.jpaas.infrastructure.console.command.UnsecuredRemoteCommand.initWithHostOnlyCheck(UnsecuredRemoteCommand.java:44)
	at com.sap.jpaas.infrastructure.console.command.RemoteCommand.initWithNoPasswordCheck(RemoteCommand.java:46)
	at com.sap.jpaas.infrastructure.console.command.RemoteCommand.init(RemoteCommand.java:41)
	at com.sap.core.persistence.commands.AbstractAccountCommand.init(AbstractAccountCommand.java:36)
	at com.sap.core.persistence.commands.ListSchemas.init(ListSchemas.java:82)
	at com.sap.jpaas.infrastructure.console.CommandManager.run(CommandManager.java:171)
	at com.sap.jpaas.infrastructure.console.CommandManager.run(CommandManager.java:144)
	at com.sap.jpaas.infrastructure.console.ConsoleClient.executeCommand(ConsoleClient.java:231)
	at com.sap.jpaas.infrastructure.console.ConsoleClient.run(ConsoleClient.java:177)
	at com.sap.jpaas.infrastructure.console.ConsoleClient.main(ConsoleClient.java:74)
2016-05-26 11:52:20,906 INFO  [pool-2-thread-1] com.sap.jpaas.infrastructure.console.PropertyFileProvider: Loaded properties file [C:\Users\I820059\AppData\Local\Temp\sdkcheck.hanatrial.ondemand.com.unknown.tmp]
2016-05-26 11:52:20,921 ERROR [pool-2-thread-1] com.sap.jpaas.infrastructure.console.ConsoleLogger: There was a problem obtaining version or runtime.status of your SDK and the status cannot be defined
2016-05-26 11:52:20,921 INFO  [main] com.sap.jpaas.infrastructure.console.ConsoleLogger: There was a problem determining the SDK version and the status is UNDEFINED. Check the logs for more information.
2016-05-26 11:52:20,921 INFO  [main] com.sap.jpaas.infrastructure.console.ConsoleLogger: Command [list-schemas] init() finished for [62] ms
2016-05-26 11:52:22,224 INFO  [main] com.sap.core.tunnelcommands.framework.executor.CommandTunnelRequestExecutor: CommandTunnelRequestExecutor.executeRequest() called for command [list-schemas] (version: 0.52.0)
2016-05-26 11:52:25,187 ERROR [main] com.sap.core.tunnelcommands.framework.executor.DefaultResponseConsumingStrategy: Authorization error - the execution was rejected.
2016-05-26 11:52:25,187 ERROR [main] com.sap.core.tunnelcommands.framework.executor.DefaultResponseConsumingStrategy: request URI: https://services.hanatrial.ondemand.com/services/v1/instances/i820059sapdev/persistence/v1/schemas/
2016-05-26 11:52:25,187 ERROR [main] com.sap.core.tunnelcommands.framework.executor.DefaultResponseConsumingStrategy: statusCode: 403 Forbidden
2016-05-26 11:52:25,187 ERROR [main] com.sap.core.tunnelcommands.framework.executor.DefaultResponseConsumingStrategy: contentType: null
2016-05-26 11:52:25,203 ERROR [main] com.sap.core.tunnelcommands.framework.executor.DefaultResponseConsumingStrategy: content: null
2016-05-26 11:52:25,203 INFO  [main] com.sap.jpaas.infrastructure.console.ConsoleLogger: Command [list-schemas] cleanup() finished for [0] ms
2016-05-26 11:52:25,203 FATAL [main] com.sap.jpaas.infrastructure.console.ConsoleLogger: (!) ERROR: Authorization error - the execution was rejected.
com.sap.jpaas.infrastructure.console.exception.CommandException: Authorization error - the execution was rejected.
	at com.sap.core.tunnelcommands.framework.executor.DefaultResponseConsumingStrategy.throwCommandExceptionWithContentInfoAndLog(DefaultResponseConsumingStrategy.java:90)
	at com.sap.core.tunnelcommands.framework.executor.DefaultResponseConsumingStrategy.throwCommandExceptionWithContentInfoAndLog(DefaultResponseConsumingStrategy.java:54)
	at com.sap.core.tunnelcommands.framework.executor.DefaultResponseConsumingStrategy.throwCommandExceptionWithContentInfoAndLog(DefaultResponseConsumingStrategy.java:49)
	at com.sap.core.tunnelcommands.framework.executor.DefaultResponseConsumingStrategy.consume(DefaultResponseConsumingStrategy.java:43)
	at com.sap.core.tunnelcommands.framework.executor.JsonConsumingStrategy.consume(JsonConsumingStrategy.java:31)
	at com.sap.core.persistence.commands.ListSchemas$ListSchemaConsumer.consume(ListSchemas.java:41)
	at com.sap.core.tunnelcommands.framework.executor.CommandTunnelRequestExecutor.executeRequest(CommandTunnelRequestExecutor.java:89)
	at com.sap.core.tunnelcommands.framework.executor.CommandTunnelRequestExecutor.executeRequest(CommandTunnelRequestExecutor.java:39)
	at com.sap.core.persistence.commands.ListSchemas.run(ListSchemas.java:107)
	at com.sap.jpaas.infrastructure.console.CommandManager.run(CommandManager.java:183)
	at com.sap.jpaas.infrastructure.console.CommandManager.run(CommandManager.java:144)
	at com.sap.jpaas.infrastructure.console.ConsoleClient.executeCommand(ConsoleClient.java:231)
	at com.sap.jpaas.infrastructure.console.ConsoleClient.run(ConsoleClient.java:177)
	at com.sap.jpaas.infrastructure.console.ConsoleClient.main(ConsoleClient.java:74)
