2016-05-26 12:22:17,067 INFO  [main] com.sap.jpaas.infrastructure.console.ConsoleLogger: Arguments:   -h us1.hana.ondemand.com -a b87af9c16 -u i820059 -p ********
2016-05-26 12:22:18,114 INFO  [main] com.sap.jpaas.infrastructure.console.ConsoleLogger: Starting execution of command [delete-account]
2016-05-26 12:22:18,114 ERROR [main] com.sap.jpaas.infrastructure.console.version.VersionUtilities: There is no config file: C:\Users\I820059\Desktop\Git\.\..\sdk.version
java.io.FileNotFoundException: C:\Users\I820059\Desktop\Git\.\..\sdk.version (The system cannot find the file specified)
	at java.io.FileInputStream.open(Native Method)
	at java.io.FileInputStream.<init>(FileInputStream.java:146)
	at com.sap.jpaas.infrastructure.console.version.VersionUtilities.readSDKVersionProperties(VersionUtilities.java:52)
	at com.sap.jpaas.infrastructure.console.version.VersionUtilities.<clinit>(VersionUtilities.java:42)
	at com.sap.jpaas.infrastructure.console.VersionValidityCheckerUtilities.performVersionValidityCheck(VersionValidityCheckerUtilities.java:95)
	at com.sap.jpaas.infrastructure.console.command.UnsecuredRemoteCommand.initWithHostOnlyCheck(UnsecuredRemoteCommand.java:44)
	at com.sap.jpaas.infrastructure.console.command.RemoteCommand.initWithNoPasswordCheck(RemoteCommand.java:46)
	at com.sap.jpaas.infrastructure.console.command.RemoteCommand.init(RemoteCommand.java:41)
	at com.sap.cloud.commercial.account.ops.commands.AccountOperationsAbstractCommand.init(AccountOperationsAbstractCommand.java:124)
	at com.sap.jpaas.infrastructure.console.CommandManager.run(CommandManager.java:171)
	at com.sap.jpaas.infrastructure.console.CommandManager.run(CommandManager.java:144)
	at com.sap.jpaas.infrastructure.console.ConsoleClient.executeCommand(ConsoleClient.java:231)
	at com.sap.jpaas.infrastructure.console.ConsoleClient.run(ConsoleClient.java:177)
	at com.sap.jpaas.infrastructure.console.ConsoleClient.main(ConsoleClient.java:74)
2016-05-26 12:22:18,161 INFO  [pool-2-thread-1] com.sap.jpaas.infrastructure.console.PropertyFileProvider: Loaded properties file [C:\Users\I820059\AppData\Local\Temp\sdkcheck.us1.hana.ondemand.com.unknown.tmp]
2016-05-26 12:22:18,161 ERROR [pool-2-thread-1] com.sap.jpaas.infrastructure.console.ConsoleLogger: There was a problem obtaining version or runtime.status of your SDK and the status cannot be defined
2016-05-26 12:22:18,161 INFO  [main] com.sap.jpaas.infrastructure.console.ConsoleLogger: There was a problem determining the SDK version and the status is UNDEFINED. Check the logs for more information.
2016-05-26 12:22:18,161 INFO  [main] com.sap.jpaas.infrastructure.console.ConsoleLogger: Command [delete-account] init() finished for [47] ms
2016-05-26 12:22:25,646 INFO  [main] com.sap.cloud.commercial.account.ops.commands.DeleteSiblingAccountCommand: Account b87af9c16 with subscriptions [Subscription [application=dispatcher, provider=services]] will be deleted.
2016-05-26 12:22:27,037 WARN  [main] com.sap.cloud.commercial.account.ops.utils.HttpClientUtils: The content type of either response or entity is not application/json
2016-05-26 12:22:27,037 INFO  [main] com.sap.cloud.commercial.account.ops.commands.DeleteSiblingAccountCommand: Account b87af9c16 will be deleted.
2016-05-26 12:22:31,802 INFO  [main] com.sap.jpaas.infrastructure.console.ConsoleLogger: Command [delete-account] run() finished for [13641] ms
2016-05-26 12:22:31,802 INFO  [main] com.sap.jpaas.infrastructure.console.ConsoleLogger: Command [delete-account] cleanup() finished for [0] ms
2016-05-26 12:22:31,802 INFO  [main] com.sap.jpaas.infrastructure.console.ConsoleLogger: Command [delete-account] finished successfully for [13688] ms
