2016-05-26 12:20:34,737 INFO  [main] com.sap.jpaas.infrastructure.console.ConsoleLogger: Arguments:   -h us1.hana.ondemand.com -a bb0580637 -u i820059 -p ******** -n everythingIsWonderful
2016-05-26 12:20:35,768 INFO  [main] com.sap.jpaas.infrastructure.console.ConsoleLogger: Starting execution of command [create-account]
2016-05-26 12:20:35,768 ERROR [main] com.sap.jpaas.infrastructure.console.version.VersionUtilities: There is no config file: C:\Users\I820059\Desktop\Git\.\..\sdk.version
java.io.FileNotFoundException: C:\Users\I820059\Desktop\Git\.\..\sdk.version (The system cannot find the file specified)
	at java.io.FileInputStream.open(Native Method)
	at java.io.FileInputStream.<init>(FileInputStream.java:146)
	at com.sap.jpaas.infrastructure.console.version.VersionUtilities.readSDKVersionProperties(VersionUtilities.java:52)
	at com.sap.jpaas.infrastructure.console.version.VersionUtilities.<clinit>(VersionUtilities.java:42)
	at com.sap.jpaas.infrastructure.console.VersionValidityCheckerUtilities.performVersionValidityCheck(VersionValidityCheckerUtilities.java:95)
	at com.sap.jpaas.infrastructure.console.command.UnsecuredRemoteCommand.initWithHostOnlyCheck(UnsecuredRemoteCommand.java:44)
	at com.sap.jpaas.infrastructure.console.command.RemoteCommand.initWithNoPasswordCheck(RemoteCommand.java:46)
	at com.sap.jpaas.infrastructure.console.command.RemoteCommand.init(RemoteCommand.java:41)
	at com.sap.cloud.commercial.account.ops.commands.AccountOperationsAbstractCommand.init(AccountOperationsAbstractCommand.java:124)
	at com.sap.cloud.commercial.account.ops.commands.CreateSiblingAccountsCommand.init(CreateSiblingAccountsCommand.java:93)
	at com.sap.jpaas.infrastructure.console.CommandManager.run(CommandManager.java:171)
	at com.sap.jpaas.infrastructure.console.CommandManager.run(CommandManager.java:144)
	at com.sap.jpaas.infrastructure.console.ConsoleClient.executeCommand(ConsoleClient.java:231)
	at com.sap.jpaas.infrastructure.console.ConsoleClient.run(ConsoleClient.java:177)
	at com.sap.jpaas.infrastructure.console.ConsoleClient.main(ConsoleClient.java:74)
2016-05-26 12:20:35,831 INFO  [pool-2-thread-1] com.sap.jpaas.infrastructure.console.PropertyFileProvider: Loaded properties file [C:\Users\I820059\AppData\Local\Temp\sdkcheck.us1.hana.ondemand.com.unknown.tmp]
2016-05-26 12:20:35,831 ERROR [pool-2-thread-1] com.sap.jpaas.infrastructure.console.ConsoleLogger: There was a problem obtaining version or runtime.status of your SDK and the status cannot be defined
2016-05-26 12:20:35,831 INFO  [main] com.sap.jpaas.infrastructure.console.ConsoleLogger: There was a problem determining the SDK version and the status is UNDEFINED. Check the logs for more information.
2016-05-26 12:20:35,831 INFO  [main] com.sap.jpaas.infrastructure.console.ConsoleLogger: Command [create-account] init() finished for [63] ms
2016-05-26 12:20:39,909 INFO  [main] com.sap.jpaas.infrastructure.console.ConsoleLogger: Command [create-account] run() finished for [4078] ms
2016-05-26 12:20:39,909 INFO  [main] com.sap.jpaas.infrastructure.console.ConsoleLogger: Command [create-account] cleanup() finished for [0] ms
2016-05-26 12:20:39,909 INFO  [main] com.sap.jpaas.infrastructure.console.ConsoleLogger: Command [create-account] finished successfully for [4141] ms
